2023-03-07 15:20:21,070 INFO org.springframework.boot.StartupInfoLogger [main] Starting ProjectApplication using Java 19.0.2 on MacbookPro with PID 12060 (C:\Users\USER\Downloads\project\target\classes started by USER in C:\Users\USER\Downloads\project)
2023-03-07 15:20:21,074 DEBUG org.springframework.boot.StartupInfoLogger [main] Running with Spring Boot v2.5.1, Spring v5.3.8
2023-03-07 15:20:21,075 INFO org.springframework.boot.SpringApplication [main] The following profiles are active: myprofile
2023-03-07 15:20:22,429 INFO org.springframework.data.repository.config.RepositoryConfigurationDelegate [main] Bootstrapping Spring Data JPA repositories in DEFAULT mode.
2023-03-07 15:20:22,462 INFO org.springframework.data.repository.config.RepositoryConfigurationDelegate [main] Finished Spring Data repository scanning in 15 ms. Found 0 JPA repository interfaces.
2023-03-07 15:20:23,459 INFO org.springframework.boot.web.embedded.tomcat.TomcatWebServer [main] Tomcat initialized with port(s): 8083 (http)
2023-03-07 15:20:23,471 INFO org.apache.juli.logging.DirectJDKLog [main] Initializing ProtocolHandler ["http-nio-8083"]
2023-03-07 15:20:23,472 INFO org.apache.juli.logging.DirectJDKLog [main] Starting service [Tomcat]
2023-03-07 15:20:23,475 INFO org.apache.juli.logging.DirectJDKLog [main] Starting Servlet engine: [Apache Tomcat/9.0.46]
2023-03-07 15:20:23,477 INFO org.apache.juli.logging.DirectJDKLog [main] Loaded Apache Tomcat Native library [1.2.35] using APR version [1.7.0].
2023-03-07 15:20:23,477 INFO org.apache.juli.logging.DirectJDKLog [main] APR capabilities: IPv6 [true], sendfile [true], accept filters [false], random [true].
2023-03-07 15:20:23,478 INFO org.apache.juli.logging.DirectJDKLog [main] APR/OpenSSL configuration: useAprConnector [false], useOpenSSL [true]
2023-03-07 15:20:23,482 INFO org.apache.juli.logging.DirectJDKLog [main] OpenSSL successfully initialized [OpenSSL 1.1.1q  5 Jul 2022]
2023-03-07 15:20:23,621 INFO org.apache.juli.logging.DirectJDKLog [main] Initializing Spring embedded WebApplicationContext
2023-03-07 15:20:23,622 INFO org.springframework.boot.web.servlet.context.ServletWebServerApplicationContext [main] Root WebApplicationContext: initialization completed in 2454 ms
2023-03-07 15:20:23,777 INFO com.zaxxer.hikari.HikariDataSource [main] HikariPool-1 - Starting...
2023-03-07 15:20:23,990 INFO com.zaxxer.hikari.pool.PoolBase [main] HikariPool-1 - Driver does not support get/set network timeout for connections. (Receiver class com.mysql.jdbc.JDBC4Connection does not define or inherit an implementation of the resolved method 'abstract int getNetworkTimeout()' of interface java.sql.Connection.)
2023-03-07 15:20:23,994 INFO com.zaxxer.hikari.HikariDataSource [main] HikariPool-1 - Start completed.
2023-03-07 15:20:24,173 INFO org.hibernate.jpa.internal.util.LogHelper [main] HHH000204: Processing PersistenceUnitInfo [name: default]
2023-03-07 15:20:24,262 INFO org.hibernate.Version [main] HHH000412: Hibernate ORM core version 5.4.32.Final
2023-03-07 15:20:24,433 INFO org.hibernate.annotations.common.reflection.java.JavaReflectionManager [main] HCANN000001: Hibernate Commons Annotations {5.1.2.Final}
2023-03-07 15:20:24,588 INFO org.hibernate.dialect.Dialect [main] HHH000400: Using dialect: org.hibernate.dialect.MySQL57Dialect
2023-03-07 15:20:25,791 INFO org.hibernate.engine.transaction.jta.platform.internal.JtaPlatformInitiator [main] HHH000490: Using JtaPlatform implementation: [org.hibernate.engine.transaction.jta.platform.internal.NoJtaPlatform]
2023-03-07 15:20:25,801 INFO org.springframework.orm.jpa.AbstractEntityManagerFactoryBean [main] Initialized JPA EntityManagerFactory for persistence unit 'default'
2023-03-07 15:20:26,177 WARN org.springframework.boot.autoconfigure.orm.jpa.JpaBaseConfiguration$JpaWebConfiguration [main] spring.jpa.open-in-view is enabled by default. Therefore, database queries may be performed during view rendering. Explicitly configure spring.jpa.open-in-view to disable this warning
2023-03-07 15:20:26,318 DEBUG org.springframework.web.servlet.handler.AbstractHandlerMethodMapping [main] 11 mappings in 'requestMappingHandlerMapping'
2023-03-07 15:20:26,662 DEBUG org.springframework.web.servlet.mvc.method.annotation.RequestMappingHandlerAdapter [main] ControllerAdvice beans: 0 @ModelAttribute, 0 @InitBinder, 1 RequestBodyAdvice, 1 ResponseBodyAdvice
2023-03-07 15:20:26,742 DEBUG org.springframework.web.servlet.handler.SimpleUrlHandlerMapping [main] Patterns [/swagger-ui/] in 'viewControllerHandlerMapping'
2023-03-07 15:20:26,774 DEBUG org.springframework.web.servlet.handler.SimpleUrlHandlerMapping [main] Patterns [/webjars/**, /**, /swagger-ui/**] in 'resourceHandlerMapping'
2023-03-07 15:20:26,787 DEBUG org.springframework.web.servlet.mvc.method.annotation.ExceptionHandlerExceptionResolver [main] ControllerAdvice beans: 0 @ExceptionHandler, 1 ResponseBodyAdvice
2023-03-07 15:20:26,935 INFO org.apache.juli.logging.DirectJDKLog [main] Starting ProtocolHandler ["http-nio-8083"]
2023-03-07 15:20:27,010 INFO org.springframework.boot.web.embedded.tomcat.TomcatWebServer [main] Tomcat started on port(s): 8083 (http) with context path ''
2023-03-07 15:20:27,480 INFO org.springframework.boot.StartupInfoLogger [main] Started ProjectApplication in 7.046 seconds (JVM running for 8.177)
2023-03-07 15:20:27,484 DEBUG dwfsd.tps.ProjectApplication [main] Application Started.....
2023-03-07 15:20:27,485 INFO dwfsd.tps.ProjectApplication [main] Access URL DWFSD : http://localhost:8086/api/
2023-03-07 15:20:49,576 INFO org.springframework.orm.jpa.AbstractEntityManagerFactoryBean [SpringApplicationShutdownHook] Closing JPA EntityManagerFactory for persistence unit 'default'
2023-03-07 15:20:49,579 INFO com.zaxxer.hikari.HikariDataSource [SpringApplicationShutdownHook] HikariPool-1 - Shutdown initiated...
2023-03-07 15:20:49,584 INFO com.zaxxer.hikari.HikariDataSource [SpringApplicationShutdownHook] HikariPool-1 - Shutdown completed.
2023-03-07 15:23:44,581 INFO org.springframework.boot.StartupInfoLogger [main] Starting ProjectApplication using Java 19.0.2 on MacbookPro with PID 7684 (C:\Users\USER\Downloads\project\target\classes started by USER in C:\Users\USER\Downloads\project)
2023-03-07 15:23:44,592 DEBUG org.springframework.boot.StartupInfoLogger [main] Running with Spring Boot v2.5.1, Spring v5.3.8
2023-03-07 15:23:44,592 INFO org.springframework.boot.SpringApplication [main] The following profiles are active: myprofile
2023-03-07 15:23:45,899 INFO org.springframework.data.repository.config.RepositoryConfigurationDelegate [main] Bootstrapping Spring Data JPA repositories in DEFAULT mode.
2023-03-07 15:23:45,932 INFO org.springframework.data.repository.config.RepositoryConfigurationDelegate [main] Finished Spring Data repository scanning in 13 ms. Found 0 JPA repository interfaces.
2023-03-07 15:23:46,955 INFO org.springframework.boot.web.embedded.tomcat.TomcatWebServer [main] Tomcat initialized with port(s): 8083 (http)
2023-03-07 15:23:46,970 INFO org.apache.juli.logging.DirectJDKLog [main] Initializing ProtocolHandler ["http-nio-8083"]
2023-03-07 15:23:46,971 INFO org.apache.juli.logging.DirectJDKLog [main] Starting service [Tomcat]
2023-03-07 15:23:46,972 INFO org.apache.juli.logging.DirectJDKLog [main] Starting Servlet engine: [Apache Tomcat/9.0.46]
2023-03-07 15:23:46,974 INFO org.apache.juli.logging.DirectJDKLog [main] Loaded Apache Tomcat Native library [1.2.35] using APR version [1.7.0].
2023-03-07 15:23:46,974 INFO org.apache.juli.logging.DirectJDKLog [main] APR capabilities: IPv6 [true], sendfile [true], accept filters [false], random [true].
2023-03-07 15:23:46,974 INFO org.apache.juli.logging.DirectJDKLog [main] APR/OpenSSL configuration: useAprConnector [false], useOpenSSL [true]
2023-03-07 15:23:46,979 INFO org.apache.juli.logging.DirectJDKLog [main] OpenSSL successfully initialized [OpenSSL 1.1.1q  5 Jul 2022]
2023-03-07 15:23:47,112 INFO org.apache.juli.logging.DirectJDKLog [main] Initializing Spring embedded WebApplicationContext
2023-03-07 15:23:47,113 INFO org.springframework.boot.web.servlet.context.ServletWebServerApplicationContext [main] Root WebApplicationContext: initialization completed in 2433 ms
2023-03-07 15:23:47,267 INFO com.zaxxer.hikari.HikariDataSource [main] HikariPool-1 - Starting...
2023-03-07 15:23:47,486 INFO com.zaxxer.hikari.pool.PoolBase [main] HikariPool-1 - Driver does not support get/set network timeout for connections. (Receiver class com.mysql.jdbc.JDBC4Connection does not define or inherit an implementation of the resolved method 'abstract int getNetworkTimeout()' of interface java.sql.Connection.)
2023-03-07 15:23:47,490 INFO com.zaxxer.hikari.HikariDataSource [main] HikariPool-1 - Start completed.
2023-03-07 15:23:47,698 INFO org.hibernate.jpa.internal.util.LogHelper [main] HHH000204: Processing PersistenceUnitInfo [name: default]
2023-03-07 15:23:47,781 INFO org.hibernate.Version [main] HHH000412: Hibernate ORM core version 5.4.32.Final
2023-03-07 15:23:47,971 INFO org.hibernate.annotations.common.reflection.java.JavaReflectionManager [main] HCANN000001: Hibernate Commons Annotations {5.1.2.Final}
2023-03-07 15:23:48,114 INFO org.hibernate.dialect.Dialect [main] HHH000400: Using dialect: org.hibernate.dialect.MySQL57Dialect
2023-03-07 15:23:48,847 INFO org.hibernate.engine.transaction.jta.platform.internal.JtaPlatformInitiator [main] HHH000490: Using JtaPlatform implementation: [org.hibernate.engine.transaction.jta.platform.internal.NoJtaPlatform]
2023-03-07 15:23:48,858 INFO org.springframework.orm.jpa.AbstractEntityManagerFactoryBean [main] Initialized JPA EntityManagerFactory for persistence unit 'default'
2023-03-07 15:23:49,246 WARN org.springframework.boot.autoconfigure.orm.jpa.JpaBaseConfiguration$JpaWebConfiguration [main] spring.jpa.open-in-view is enabled by default. Therefore, database queries may be performed during view rendering. Explicitly configure spring.jpa.open-in-view to disable this warning
2023-03-07 15:23:49,376 DEBUG org.springframework.web.servlet.handler.AbstractHandlerMethodMapping [main] 11 mappings in 'requestMappingHandlerMapping'
2023-03-07 15:23:49,633 DEBUG org.springframework.web.servlet.mvc.method.annotation.RequestMappingHandlerAdapter [main] ControllerAdvice beans: 0 @ModelAttribute, 0 @InitBinder, 1 RequestBodyAdvice, 1 ResponseBodyAdvice
2023-03-07 15:23:49,696 DEBUG org.springframework.web.servlet.handler.SimpleUrlHandlerMapping [main] Patterns [/swagger-ui/] in 'viewControllerHandlerMapping'
2023-03-07 15:23:49,723 DEBUG org.springframework.web.servlet.handler.SimpleUrlHandlerMapping [main] Patterns [/webjars/**, /**, /swagger-ui/**] in 'resourceHandlerMapping'
2023-03-07 15:23:49,733 DEBUG org.springframework.web.servlet.mvc.method.annotation.ExceptionHandlerExceptionResolver [main] ControllerAdvice beans: 0 @ExceptionHandler, 1 ResponseBodyAdvice
2023-03-07 15:23:49,855 INFO org.apache.juli.logging.DirectJDKLog [main] Starting ProtocolHandler ["http-nio-8083"]
2023-03-07 15:23:49,921 INFO org.springframework.boot.web.embedded.tomcat.TomcatWebServer [main] Tomcat started on port(s): 8083 (http) with context path '/api'
2023-03-07 15:23:50,298 INFO org.springframework.boot.StartupInfoLogger [main] Started ProjectApplication in 6.397 seconds (JVM running for 7.242)
2023-03-07 15:23:50,303 DEBUG dwfsd.tps.ProjectApplication [main] Application Started.....
2023-03-07 15:23:50,303 INFO dwfsd.tps.ProjectApplication [main] Access URL DWFSD : http://localhost:8086/api/
2023-03-07 15:24:20,254 INFO org.apache.juli.logging.DirectJDKLog [http-nio-8083-exec-1] Initializing Spring DispatcherServlet 'dispatcherServlet'
2023-03-07 15:24:20,254 INFO org.springframework.web.servlet.FrameworkServlet [http-nio-8083-exec-1] Initializing Servlet 'dispatcherServlet'
2023-03-07 15:24:20,255 DEBUG org.springframework.web.servlet.DispatcherServlet [http-nio-8083-exec-1] Detected StandardServletMultipartResolver
2023-03-07 15:24:20,255 DEBUG org.springframework.web.servlet.DispatcherServlet [http-nio-8083-exec-1] Detected AcceptHeaderLocaleResolver
2023-03-07 15:24:20,255 DEBUG org.springframework.web.servlet.DispatcherServlet [http-nio-8083-exec-1] Detected FixedThemeResolver
2023-03-07 15:24:20,257 DEBUG org.springframework.web.servlet.DispatcherServlet [http-nio-8083-exec-1] Detected org.springframework.web.servlet.view.DefaultRequestToViewNameTranslator@3efb863c
2023-03-07 15:24:20,258 DEBUG org.springframework.web.servlet.DispatcherServlet [http-nio-8083-exec-1] Detected org.springframework.web.servlet.support.SessionFlashMapManager@2552181d
2023-03-07 15:24:20,262 DEBUG org.springframework.web.servlet.FrameworkServlet [http-nio-8083-exec-1] enableLoggingRequestDetails='false': request parameters and headers will be masked to prevent unsafe logging of potentially sensitive data
2023-03-07 15:24:20,262 INFO org.springframework.web.servlet.FrameworkServlet [http-nio-8083-exec-1] Completed initialization in 8 ms
2023-03-07 15:24:20,280 DEBUG org.springframework.core.log.LogFormatUtils [http-nio-8083-exec-1] GET "/api/", parameters={}
2023-03-07 15:24:20,297 DEBUG org.springframework.web.servlet.handler.AbstractHandlerMapping [http-nio-8083-exec-1] Mapped to ResourceHttpRequestHandler [Classpath [META-INF/resources/], Classpath [resources/], Classpath [static/], Classpath [public/], ServletContext [/]]
2023-03-07 15:24:20,386 DEBUG org.springframework.web.servlet.resource.ResourceHttpRequestHandler [http-nio-8083-exec-1] Resource not found
2023-03-07 15:24:20,391 DEBUG org.springframework.web.servlet.FrameworkServlet [http-nio-8083-exec-1] Completed 404 NOT_FOUND
2023-03-07 15:24:20,407 DEBUG org.springframework.core.log.LogFormatUtils [http-nio-8083-exec-1] "ERROR" dispatch for GET "/api/error", parameters={}
2023-03-07 15:24:20,412 DEBUG org.springframework.web.servlet.handler.AbstractHandlerMapping [http-nio-8083-exec-1] Mapped to org.springframework.boot.autoconfigure.web.servlet.error.BasicErrorController#errorHtml(HttpServletRequest, HttpServletResponse)
2023-03-07 15:24:20,456 DEBUG org.springframework.web.servlet.view.ContentNegotiatingViewResolver [http-nio-8083-exec-1] Selected 'text/html' given [text/html, text/html;q=0.8]
2023-03-07 15:24:20,464 DEBUG org.springframework.web.servlet.FrameworkServlet [http-nio-8083-exec-1] Exiting from "ERROR" dispatch, status 404
2023-03-07 15:24:25,495 DEBUG org.springframework.core.log.LogFormatUtils [http-nio-8083-exec-3] GET "/api/swagger-ui", parameters={}
2023-03-07 15:24:25,498 DEBUG org.springframework.web.servlet.handler.AbstractHandlerMapping [http-nio-8083-exec-3] Mapped to ResourceHttpRequestHandler [Classpath [META-INF/resources/webjars/springfox-swagger-ui/]]
2023-03-07 15:24:25,498 DEBUG org.springframework.web.servlet.resource.ResourceHttpRequestHandler [http-nio-8083-exec-3] Resource not found
2023-03-07 15:24:25,499 DEBUG org.springframework.web.servlet.FrameworkServlet [http-nio-8083-exec-3] Completed 404 NOT_FOUND
2023-03-07 15:24:25,501 DEBUG org.springframework.core.log.LogFormatUtils [http-nio-8083-exec-3] "ERROR" dispatch for GET "/api/error", parameters={}
2023-03-07 15:24:25,502 DEBUG org.springframework.web.servlet.handler.AbstractHandlerMapping [http-nio-8083-exec-3] Mapped to org.springframework.boot.autoconfigure.web.servlet.error.BasicErrorController#errorHtml(HttpServletRequest, HttpServletResponse)
2023-03-07 15:24:25,505 DEBUG org.springframework.web.servlet.view.ContentNegotiatingViewResolver [http-nio-8083-exec-3] Selected 'text/html' given [text/html, text/html;q=0.8]
2023-03-07 15:24:25,506 DEBUG org.springframework.web.servlet.FrameworkServlet [http-nio-8083-exec-3] Exiting from "ERROR" dispatch, status 404
2023-03-07 15:24:31,164 DEBUG org.springframework.core.log.LogFormatUtils [http-nio-8083-exec-4] GET "/api/swagger-ui/", parameters={}
2023-03-07 15:24:31,165 DEBUG org.springframework.web.servlet.handler.AbstractHandlerMapping [http-nio-8083-exec-4] Mapped to ParameterizableViewController [view="forward:/swagger-ui/index.html"]
2023-03-07 15:24:31,168 DEBUG org.springframework.web.servlet.view.ContentNegotiatingViewResolver [http-nio-8083-exec-4] Selected 'text/html' given [text/html, application/xhtml+xml, image/avif, image/webp, image/apng, application/xml;q=0.9, application/signed-exchange;v=b3;q=0.7, */*;q=0.8]
2023-03-07 15:24:31,169 DEBUG org.springframework.web.servlet.view.AbstractView [http-nio-8083-exec-4] View name 'forward:', model {}
2023-03-07 15:24:31,171 DEBUG org.springframework.web.servlet.view.InternalResourceView [http-nio-8083-exec-4] Forwarding to [/swagger-ui/index.html]
2023-03-07 15:24:31,171 DEBUG org.springframework.core.log.LogFormatUtils [http-nio-8083-exec-4] "FORWARD" dispatch for GET "/api/swagger-ui/index.html", parameters={}
2023-03-07 15:24:31,173 DEBUG org.springframework.web.servlet.handler.AbstractHandlerMapping [http-nio-8083-exec-4] Mapped to ResourceHttpRequestHandler [Classpath [META-INF/resources/webjars/springfox-swagger-ui/]]
2023-03-07 15:24:31,185 DEBUG org.springframework.web.servlet.FrameworkServlet [http-nio-8083-exec-4] Exiting from "FORWARD" dispatch, status 200
2023-03-07 15:24:31,186 DEBUG org.springframework.web.servlet.FrameworkServlet [http-nio-8083-exec-4] Completed 200 OK
2023-03-07 15:24:31,201 DEBUG org.springframework.core.log.LogFormatUtils [http-nio-8083-exec-5] GET "/api/swagger-ui/springfox.css?v=3.0.0", parameters={masked}
2023-03-07 15:24:31,202 DEBUG org.springframework.web.servlet.handler.AbstractHandlerMapping [http-nio-8083-exec-5] Mapped to ResourceHttpRequestHandler [Classpath [META-INF/resources/webjars/springfox-swagger-ui/]]
2023-03-07 15:24:31,205 DEBUG org.springframework.core.log.LogFormatUtils [http-nio-8083-exec-6] GET "/api/swagger-ui/swagger-ui.css?v=3.0.0", parameters={masked}
2023-03-07 15:24:31,207 DEBUG org.springframework.web.servlet.handler.AbstractHandlerMapping [http-nio-8083-exec-6] Mapped to ResourceHttpRequestHandler [Classpath [META-INF/resources/webjars/springfox-swagger-ui/]]
2023-03-07 15:24:31,209 DEBUG org.springframework.core.log.LogFormatUtils [http-nio-8083-exec-9] GET "/api/swagger-ui/springfox.js?v=3.0.0", parameters={masked}
2023-03-07 15:24:31,209 DEBUG org.springframework.web.servlet.FrameworkServlet [http-nio-8083-exec-5] Completed 200 OK
2023-03-07 15:24:31,209 DEBUG org.springframework.core.log.LogFormatUtils [http-nio-8083-exec-8] GET "/api/swagger-ui/swagger-ui-standalone-preset.js?v=3.0.0", parameters={masked}
2023-03-07 15:24:31,210 DEBUG org.springframework.core.log.LogFormatUtils [http-nio-8083-exec-7] GET "/api/swagger-ui/swagger-ui-bundle.js?v=3.0.0", parameters={masked}
2023-03-07 15:24:31,211 DEBUG org.springframework.web.servlet.handler.AbstractHandlerMapping [http-nio-8083-exec-9] Mapped to ResourceHttpRequestHandler [Classpath [META-INF/resources/webjars/springfox-swagger-ui/]]
2023-03-07 15:24:31,212 DEBUG org.springframework.web.servlet.handler.AbstractHandlerMapping [http-nio-8083-exec-8] Mapped to ResourceHttpRequestHandler [Classpath [META-INF/resources/webjars/springfox-swagger-ui/]]
2023-03-07 15:24:31,213 DEBUG org.springframework.web.servlet.handler.AbstractHandlerMapping [http-nio-8083-exec-7] Mapped to ResourceHttpRequestHandler [Classpath [META-INF/resources/webjars/springfox-swagger-ui/]]
2023-03-07 15:24:31,220 DEBUG org.springframework.web.servlet.FrameworkServlet [http-nio-8083-exec-6] Completed 200 OK
2023-03-07 15:24:31,221 DEBUG org.springframework.web.servlet.FrameworkServlet [http-nio-8083-exec-9] Completed 200 OK
2023-03-07 15:24:31,229 DEBUG org.springframework.web.servlet.FrameworkServlet [http-nio-8083-exec-8] Completed 200 OK
2023-03-07 15:24:31,254 DEBUG org.springframework.web.servlet.FrameworkServlet [http-nio-8083-exec-7] Completed 200 OK
2023-03-07 15:24:31,286 DEBUG org.springframework.core.log.LogFormatUtils [http-nio-8083-exec-1] GET "/api/swagger-ui/swagger-ui-standalone-preset.js?v=3.0.0", parameters={masked}
2023-03-07 15:24:31,287 DEBUG org.springframework.web.servlet.handler.AbstractHandlerMapping [http-nio-8083-exec-1] Mapped to ResourceHttpRequestHandler [Classpath [META-INF/resources/webjars/springfox-swagger-ui/]]
2023-03-07 15:24:31,285 DEBUG org.springframework.core.log.LogFormatUtils [http-nio-8083-exec-10] GET "/api/swagger-ui/springfox.js?v=3.0.0", parameters={masked}
2023-03-07 15:24:31,289 DEBUG org.springframework.web.servlet.handler.AbstractHandlerMapping [http-nio-8083-exec-10] Mapped to ResourceHttpRequestHandler [Classpath [META-INF/resources/webjars/springfox-swagger-ui/]]
2023-03-07 15:24:31,296 DEBUG org.springframework.web.servlet.FrameworkServlet [http-nio-8083-exec-1] Completed 200 OK
2023-03-07 15:24:31,299 DEBUG org.springframework.web.servlet.FrameworkServlet [http-nio-8083-exec-10] Completed 200 OK
2023-03-07 15:24:31,304 DEBUG org.springframework.core.log.LogFormatUtils [http-nio-8083-exec-2] GET "/api/swagger-ui/swagger-ui-bundle.js?v=3.0.0", parameters={masked}
2023-03-07 15:24:31,305 DEBUG org.springframework.web.servlet.handler.AbstractHandlerMapping [http-nio-8083-exec-2] Mapped to ResourceHttpRequestHandler [Classpath [META-INF/resources/webjars/springfox-swagger-ui/]]
2023-03-07 15:24:31,329 DEBUG org.springframework.web.servlet.FrameworkServlet [http-nio-8083-exec-2] Completed 200 OK
2023-03-07 15:24:31,475 DEBUG org.springframework.core.log.LogFormatUtils [http-nio-8083-exec-3] GET "/api/swagger-resources/configuration/ui", parameters={}
2023-03-07 15:24:31,476 DEBUG org.springframework.web.servlet.handler.AbstractHandlerMapping [http-nio-8083-exec-3] Mapped to springfox.documentation.swagger.web.ApiResourceController#uiConfiguration()
2023-03-07 15:24:31,478 DEBUG org.springframework.core.log.LogFormatUtils [http-nio-8083-exec-4] GET "/api/swagger-ui/favicon-32x32.png?v=3.0.0", parameters={masked}
2023-03-07 15:24:31,480 DEBUG org.springframework.web.servlet.handler.AbstractHandlerMapping [http-nio-8083-exec-4] Mapped to ResourceHttpRequestHandler [Classpath [META-INF/resources/webjars/springfox-swagger-ui/]]
2023-03-07 15:24:31,484 DEBUG org.springframework.web.servlet.mvc.method.annotation.AbstractMessageConverterMethodProcessor [http-nio-8083-exec-3] Using 'application/json', given [application/json] and supported [application/json]
2023-03-07 15:24:31,484 DEBUG org.springframework.web.servlet.FrameworkServlet [http-nio-8083-exec-4] Completed 200 OK
2023-03-07 15:24:31,526 DEBUG org.springframework.core.log.LogFormatUtils [http-nio-8083-exec-3] Writing [springfox.documentation.swagger.web.UiConfiguration@69b1a08d]
2023-03-07 15:24:31,541 DEBUG org.springframework.web.servlet.FrameworkServlet [http-nio-8083-exec-3] Completed 200 OK
2023-03-07 15:24:31,545 DEBUG org.springframework.core.log.LogFormatUtils [http-nio-8083-exec-5] GET "/api/swagger-resources/configuration/security", parameters={}
2023-03-07 15:24:31,545 DEBUG org.springframework.web.servlet.handler.AbstractHandlerMapping [http-nio-8083-exec-5] Mapped to springfox.documentation.swagger.web.ApiResourceController#securityConfiguration()
2023-03-07 15:24:31,546 DEBUG org.springframework.web.servlet.mvc.method.annotation.AbstractMessageConverterMethodProcessor [http-nio-8083-exec-5] Using 'application/json', given [application/json] and supported [application/json]
2023-03-07 15:24:31,549 DEBUG org.springframework.core.log.LogFormatUtils [http-nio-8083-exec-5] Writing [springfox.documentation.swagger.web.SecurityConfiguration@4748b4e9]
2023-03-07 15:24:31,550 DEBUG org.springframework.web.servlet.FrameworkServlet [http-nio-8083-exec-5] Completed 200 OK
2023-03-07 15:24:31,554 DEBUG org.springframework.core.log.LogFormatUtils [http-nio-8083-exec-6] GET "/api/swagger-resources", parameters={}
2023-03-07 15:24:31,555 DEBUG org.springframework.web.servlet.handler.AbstractHandlerMapping [http-nio-8083-exec-6] Mapped to springfox.documentation.swagger.web.ApiResourceController#swaggerResources()
2023-03-07 15:24:31,556 DEBUG org.springframework.web.servlet.mvc.method.annotation.AbstractMessageConverterMethodProcessor [http-nio-8083-exec-6] Using 'application/json', given [application/json] and supported [application/json]
2023-03-07 15:24:31,558 DEBUG org.springframework.core.log.LogFormatUtils [http-nio-8083-exec-6] Writing [[springfox.documentation.swagger.web.SwaggerResource@6dea29ae]]
2023-03-07 15:24:31,561 DEBUG org.springframework.web.servlet.FrameworkServlet [http-nio-8083-exec-6] Completed 200 OK
2023-03-07 15:24:31,607 DEBUG org.springframework.core.log.LogFormatUtils [http-nio-8083-exec-9] GET "/api/v3/api-docs", parameters={}
2023-03-07 15:24:31,607 DEBUG org.springframework.web.servlet.handler.AbstractHandlerMapping [http-nio-8083-exec-9] Mapped to springfox.documentation.oas.web.OpenApiControllerWebMvc#getDocumentation(String, HttpServletRequest)
2023-03-07 15:24:31,788 DEBUG org.springframework.web.servlet.mvc.method.annotation.AbstractMessageConverterMethodProcessor [http-nio-8083-exec-9] Using 'application/json', given [application/json, */*] and supported [application/json, application/hal+json]
2023-03-07 15:24:31,791 DEBUG org.springframework.core.log.LogFormatUtils [http-nio-8083-exec-9] Writing [springfox.documentation.spring.web.json.Json@755165f0]
2023-03-07 15:24:31,793 DEBUG org.springframework.web.servlet.FrameworkServlet [http-nio-8083-exec-9] Completed 200 OK
2023-03-07 15:25:18,270 INFO org.springframework.orm.jpa.AbstractEntityManagerFactoryBean [SpringApplicationShutdownHook] Closing JPA EntityManagerFactory for persistence unit 'default'
2023-03-07 15:25:18,273 INFO com.zaxxer.hikari.HikariDataSource [SpringApplicationShutdownHook] HikariPool-1 - Shutdown initiated...
2023-03-07 15:25:18,280 INFO com.zaxxer.hikari.HikariDataSource [SpringApplicationShutdownHook] HikariPool-1 - Shutdown completed.
2023-03-07 15:33:22,519 INFO org.springframework.boot.StartupInfoLogger [main] Starting ProjectApplication using Java 19.0.2 on MacbookPro with PID 8132 (C:\Users\USER\Downloads\project\target\classes started by USER in C:\Users\USER\Downloads\project)
2023-03-07 15:33:22,529 DEBUG org.springframework.boot.StartupInfoLogger [main] Running with Spring Boot v2.5.1, Spring v5.3.8
2023-03-07 15:33:22,530 INFO org.springframework.boot.SpringApplication [main] The following profiles are active: myprofile
2023-03-07 15:33:23,913 INFO org.springframework.data.repository.config.RepositoryConfigurationDelegate [main] Bootstrapping Spring Data JPA repositories in DEFAULT mode.
2023-03-07 15:33:23,938 INFO org.springframework.data.repository.config.RepositoryConfigurationDelegate [main] Finished Spring Data repository scanning in 11 ms. Found 0 JPA repository interfaces.
2023-03-07 15:33:24,991 INFO org.springframework.boot.web.embedded.tomcat.TomcatWebServer [main] Tomcat initialized with port(s): 8083 (http)
2023-03-07 15:33:25,009 INFO org.apache.juli.logging.DirectJDKLog [main] Initializing ProtocolHandler ["http-nio-8083"]
2023-03-07 15:33:25,010 INFO org.apache.juli.logging.DirectJDKLog [main] Starting service [Tomcat]
2023-03-07 15:33:25,010 INFO org.apache.juli.logging.DirectJDKLog [main] Starting Servlet engine: [Apache Tomcat/9.0.46]
2023-03-07 15:33:25,012 INFO org.apache.juli.logging.DirectJDKLog [main] Loaded Apache Tomcat Native library [1.2.35] using APR version [1.7.0].
2023-03-07 15:33:25,013 INFO org.apache.juli.logging.DirectJDKLog [main] APR capabilities: IPv6 [true], sendfile [true], accept filters [false], random [true].
2023-03-07 15:33:25,013 INFO org.apache.juli.logging.DirectJDKLog [main] APR/OpenSSL configuration: useAprConnector [false], useOpenSSL [true]
2023-03-07 15:33:25,018 INFO org.apache.juli.logging.DirectJDKLog [main] OpenSSL successfully initialized [OpenSSL 1.1.1q  5 Jul 2022]
2023-03-07 15:33:25,156 INFO org.apache.juli.logging.DirectJDKLog [main] Initializing Spring embedded WebApplicationContext
2023-03-07 15:33:25,156 INFO org.springframework.boot.web.servlet.context.ServletWebServerApplicationContext [main] Root WebApplicationContext: initialization completed in 2539 ms
2023-03-07 15:33:25,326 INFO com.zaxxer.hikari.HikariDataSource [main] HikariPool-1 - Starting...
2023-03-07 15:33:25,525 INFO com.zaxxer.hikari.pool.PoolBase [main] HikariPool-1 - Driver does not support get/set network timeout for connections. (Receiver class com.mysql.jdbc.JDBC4Connection does not define or inherit an implementation of the resolved method 'abstract int getNetworkTimeout()' of interface java.sql.Connection.)
2023-03-07 15:33:25,528 INFO com.zaxxer.hikari.HikariDataSource [main] HikariPool-1 - Start completed.
2023-03-07 15:33:25,728 INFO org.hibernate.jpa.internal.util.LogHelper [main] HHH000204: Processing PersistenceUnitInfo [name: default]
2023-03-07 15:33:25,818 INFO org.hibernate.Version [main] HHH000412: Hibernate ORM core version 5.4.32.Final
2023-03-07 15:33:26,007 INFO org.hibernate.annotations.common.reflection.java.JavaReflectionManager [main] HCANN000001: Hibernate Commons Annotations {5.1.2.Final}
2023-03-07 15:33:26,162 INFO org.hibernate.dialect.Dialect [main] HHH000400: Using dialect: org.hibernate.dialect.MySQL57Dialect
2023-03-07 15:33:26,890 INFO org.hibernate.engine.transaction.jta.platform.internal.JtaPlatformInitiator [main] HHH000490: Using JtaPlatform implementation: [org.hibernate.engine.transaction.jta.platform.internal.NoJtaPlatform]
2023-03-07 15:33:26,900 INFO org.springframework.orm.jpa.AbstractEntityManagerFactoryBean [main] Initialized JPA EntityManagerFactory for persistence unit 'default'
2023-03-07 15:33:27,309 WARN org.springframework.boot.autoconfigure.orm.jpa.JpaBaseConfiguration$JpaWebConfiguration [main] spring.jpa.open-in-view is enabled by default. Therefore, database queries may be performed during view rendering. Explicitly configure spring.jpa.open-in-view to disable this warning
2023-03-07 15:33:27,460 DEBUG org.springframework.web.servlet.handler.AbstractHandlerMethodMapping [main] 11 mappings in 'requestMappingHandlerMapping'
2023-03-07 15:33:27,779 DEBUG org.springframework.web.servlet.mvc.method.annotation.RequestMappingHandlerAdapter [main] ControllerAdvice beans: 0 @ModelAttribute, 0 @InitBinder, 1 RequestBodyAdvice, 1 ResponseBodyAdvice
2023-03-07 15:33:27,865 DEBUG org.springframework.web.servlet.handler.SimpleUrlHandlerMapping [main] Patterns [/swagger-ui/] in 'viewControllerHandlerMapping'
2023-03-07 15:33:27,900 DEBUG org.springframework.web.servlet.handler.SimpleUrlHandlerMapping [main] Patterns [/webjars/**, /**, /swagger-ui/**] in 'resourceHandlerMapping'
2023-03-07 15:33:27,915 DEBUG org.springframework.web.servlet.mvc.method.annotation.ExceptionHandlerExceptionResolver [main] ControllerAdvice beans: 0 @ExceptionHandler, 1 ResponseBodyAdvice
2023-03-07 15:33:28,096 INFO org.apache.juli.logging.DirectJDKLog [main] Starting ProtocolHandler ["http-nio-8083"]
2023-03-07 15:33:28,191 INFO org.springframework.boot.web.embedded.tomcat.TomcatWebServer [main] Tomcat started on port(s): 8083 (http) with context path '/api'
2023-03-07 15:33:28,494 INFO org.springframework.boot.StartupInfoLogger [main] Started ProjectApplication in 6.639 seconds (JVM running for 7.509)
2023-03-07 15:33:28,498 DEBUG dwfsd.tps.ProjectApplication [main] Application Started.....
2023-03-07 15:33:28,498 INFO dwfsd.tps.ProjectApplication [main] Access URL DWFSD : http://localhost:8086/api/
2023-03-07 15:33:34,684 INFO org.apache.juli.logging.DirectJDKLog [http-nio-8083-exec-1] Initializing Spring DispatcherServlet 'dispatcherServlet'
2023-03-07 15:33:34,684 INFO org.springframework.web.servlet.FrameworkServlet [http-nio-8083-exec-1] Initializing Servlet 'dispatcherServlet'
2023-03-07 15:33:34,684 DEBUG org.springframework.web.servlet.DispatcherServlet [http-nio-8083-exec-1] Detected StandardServletMultipartResolver
2023-03-07 15:33:34,685 DEBUG org.springframework.web.servlet.DispatcherServlet [http-nio-8083-exec-1] Detected AcceptHeaderLocaleResolver
2023-03-07 15:33:34,685 DEBUG org.springframework.web.servlet.DispatcherServlet [http-nio-8083-exec-1] Detected FixedThemeResolver
2023-03-07 15:33:34,689 DEBUG org.springframework.web.servlet.DispatcherServlet [http-nio-8083-exec-1] Detected org.springframework.web.servlet.view.DefaultRequestToViewNameTranslator@7d0333c8
2023-03-07 15:33:34,690 DEBUG org.springframework.web.servlet.DispatcherServlet [http-nio-8083-exec-1] Detected org.springframework.web.servlet.support.SessionFlashMapManager@4b62f1ba
2023-03-07 15:33:34,690 DEBUG org.springframework.web.servlet.FrameworkServlet [http-nio-8083-exec-1] enableLoggingRequestDetails='false': request parameters and headers will be masked to prevent unsafe logging of potentially sensitive data
2023-03-07 15:33:34,690 INFO org.springframework.web.servlet.FrameworkServlet [http-nio-8083-exec-1] Completed initialization in 6 ms
2023-03-07 15:33:34,708 DEBUG org.springframework.core.log.LogFormatUtils [http-nio-8083-exec-1] GET "/api/swagger-ui/", parameters={}
2023-03-07 15:33:34,723 DEBUG org.springframework.web.servlet.handler.AbstractHandlerMapping [http-nio-8083-exec-1] Mapped to ParameterizableViewController [view="forward:/swagger-ui/index.html"]
2023-03-07 15:33:34,821 DEBUG org.springframework.web.servlet.view.ContentNegotiatingViewResolver [http-nio-8083-exec-1] Selected 'text/html' given [text/html, application/xhtml+xml, image/avif, image/webp, image/apng, application/xml;q=0.9, application/signed-exchange;v=b3;q=0.7, */*;q=0.8]
2023-03-07 15:33:34,821 DEBUG org.springframework.web.servlet.view.AbstractView [http-nio-8083-exec-1] View name 'forward:', model {}
2023-03-07 15:33:34,824 DEBUG org.springframework.web.servlet.view.InternalResourceView [http-nio-8083-exec-1] Forwarding to [/swagger-ui/index.html]
2023-03-07 15:33:34,833 DEBUG org.springframework.core.log.LogFormatUtils [http-nio-8083-exec-1] "FORWARD" dispatch for GET "/api/swagger-ui/index.html", parameters={}
2023-03-07 15:33:34,836 DEBUG org.springframework.web.servlet.handler.AbstractHandlerMapping [http-nio-8083-exec-1] Mapped to ResourceHttpRequestHandler [Classpath [META-INF/resources/webjars/springfox-swagger-ui/]]
2023-03-07 15:33:34,857 DEBUG org.springframework.web.servlet.FrameworkServlet [http-nio-8083-exec-1] Exiting from "FORWARD" dispatch, status 200
2023-03-07 15:33:34,863 DEBUG org.springframework.web.servlet.FrameworkServlet [http-nio-8083-exec-1] Completed 200 OK
2023-03-07 15:33:34,884 DEBUG org.springframework.core.log.LogFormatUtils [http-nio-8083-exec-2] GET "/api/swagger-ui/springfox.css?v=3.0.0", parameters={masked}
2023-03-07 15:33:34,895 DEBUG org.springframework.core.log.LogFormatUtils [http-nio-8083-exec-3] GET "/api/swagger-ui/swagger-ui.css?v=3.0.0", parameters={masked}
2023-03-07 15:33:34,886 DEBUG org.springframework.web.servlet.handler.AbstractHandlerMapping [http-nio-8083-exec-2] Mapped to ResourceHttpRequestHandler [Classpath [META-INF/resources/webjars/springfox-swagger-ui/]]
2023-03-07 15:33:34,897 DEBUG org.springframework.web.servlet.handler.AbstractHandlerMapping [http-nio-8083-exec-3] Mapped to ResourceHttpRequestHandler [Classpath [META-INF/resources/webjars/springfox-swagger-ui/]]
2023-03-07 15:33:34,906 DEBUG org.springframework.core.log.LogFormatUtils [http-nio-8083-exec-4] GET "/api/swagger-ui/swagger-ui-bundle.js?v=3.0.0", parameters={masked}
2023-03-07 15:33:34,907 DEBUG org.springframework.web.servlet.handler.AbstractHandlerMapping [http-nio-8083-exec-4] Mapped to ResourceHttpRequestHandler [Classpath [META-INF/resources/webjars/springfox-swagger-ui/]]
2023-03-07 15:33:34,907 DEBUG org.springframework.web.servlet.FrameworkServlet [http-nio-8083-exec-3] Completed 200 OK
2023-03-07 15:33:34,907 DEBUG org.springframework.web.servlet.FrameworkServlet [http-nio-8083-exec-2] Completed 200 OK
2023-03-07 15:33:34,909 DEBUG org.springframework.core.log.LogFormatUtils [http-nio-8083-exec-6] GET "/api/swagger-ui/springfox.js?v=3.0.0", parameters={masked}
2023-03-07 15:33:34,913 DEBUG org.springframework.web.servlet.handler.AbstractHandlerMapping [http-nio-8083-exec-6] Mapped to ResourceHttpRequestHandler [Classpath [META-INF/resources/webjars/springfox-swagger-ui/]]
2023-03-07 15:33:34,912 DEBUG org.springframework.core.log.LogFormatUtils [http-nio-8083-exec-5] GET "/api/swagger-ui/swagger-ui-standalone-preset.js?v=3.0.0", parameters={masked}
2023-03-07 15:33:34,919 DEBUG org.springframework.web.servlet.FrameworkServlet [http-nio-8083-exec-6] Completed 200 OK
2023-03-07 15:33:34,924 DEBUG org.springframework.web.servlet.handler.AbstractHandlerMapping [http-nio-8083-exec-5] Mapped to ResourceHttpRequestHandler [Classpath [META-INF/resources/webjars/springfox-swagger-ui/]]
2023-03-07 15:33:34,935 DEBUG org.springframework.web.servlet.FrameworkServlet [http-nio-8083-exec-4] Completed 200 OK
2023-03-07 15:33:34,938 DEBUG org.springframework.web.servlet.FrameworkServlet [http-nio-8083-exec-5] Completed 200 OK
2023-03-07 15:33:35,026 DEBUG org.springframework.core.log.LogFormatUtils [http-nio-8083-exec-7] GET "/api/swagger-ui/springfox.js?v=3.0.0", parameters={masked}
2023-03-07 15:33:35,028 DEBUG org.springframework.web.servlet.handler.AbstractHandlerMapping [http-nio-8083-exec-7] Mapped to ResourceHttpRequestHandler [Classpath [META-INF/resources/webjars/springfox-swagger-ui/]]
2023-03-07 15:33:35,033 DEBUG org.springframework.web.servlet.FrameworkServlet [http-nio-8083-exec-7] Completed 200 OK
2023-03-07 15:33:35,036 DEBUG org.springframework.core.log.LogFormatUtils [http-nio-8083-exec-8] GET "/api/swagger-ui/swagger-ui-standalone-preset.js?v=3.0.0", parameters={masked}
2023-03-07 15:33:35,039 DEBUG org.springframework.web.servlet.handler.AbstractHandlerMapping [http-nio-8083-exec-8] Mapped to ResourceHttpRequestHandler [Classpath [META-INF/resources/webjars/springfox-swagger-ui/]]
2023-03-07 15:33:35,047 DEBUG org.springframework.core.log.LogFormatUtils [http-nio-8083-exec-9] GET "/api/swagger-ui/swagger-ui-bundle.js?v=3.0.0", parameters={masked}
2023-03-07 15:33:35,050 DEBUG org.springframework.web.servlet.handler.AbstractHandlerMapping [http-nio-8083-exec-9] Mapped to ResourceHttpRequestHandler [Classpath [META-INF/resources/webjars/springfox-swagger-ui/]]
2023-03-07 15:33:35,052 DEBUG org.springframework.web.servlet.FrameworkServlet [http-nio-8083-exec-8] Completed 200 OK
2023-03-07 15:33:35,078 DEBUG org.springframework.web.servlet.FrameworkServlet [http-nio-8083-exec-9] Completed 200 OK
2023-03-07 15:33:35,149 DEBUG org.springframework.core.log.LogFormatUtils [http-nio-8083-exec-10] GET "/api/swagger-resources/configuration/ui", parameters={}
2023-03-07 15:33:35,152 DEBUG org.springframework.web.servlet.handler.AbstractHandlerMapping [http-nio-8083-exec-10] Mapped to springfox.documentation.swagger.web.ApiResourceController#uiConfiguration()
2023-03-07 15:33:35,155 DEBUG org.springframework.core.log.LogFormatUtils [http-nio-8083-exec-1] GET "/api/swagger-ui/favicon-32x32.png?v=3.0.0", parameters={masked}
2023-03-07 15:33:35,158 DEBUG org.springframework.web.servlet.handler.AbstractHandlerMapping [http-nio-8083-exec-1] Mapped to ResourceHttpRequestHandler [Classpath [META-INF/resources/webjars/springfox-swagger-ui/]]
2023-03-07 15:33:35,162 DEBUG org.springframework.web.servlet.FrameworkServlet [http-nio-8083-exec-1] Completed 200 OK
2023-03-07 15:33:35,182 DEBUG org.springframework.web.servlet.mvc.method.annotation.AbstractMessageConverterMethodProcessor [http-nio-8083-exec-10] Using 'application/json', given [application/json] and supported [application/json]
2023-03-07 15:33:35,224 DEBUG org.springframework.core.log.LogFormatUtils [http-nio-8083-exec-10] Writing [springfox.documentation.swagger.web.UiConfiguration@521d6b78]
2023-03-07 15:33:35,238 DEBUG org.springframework.web.servlet.FrameworkServlet [http-nio-8083-exec-10] Completed 200 OK
2023-03-07 15:33:35,241 DEBUG org.springframework.core.log.LogFormatUtils [http-nio-8083-exec-3] GET "/api/swagger-resources/configuration/security", parameters={}
2023-03-07 15:33:35,242 DEBUG org.springframework.web.servlet.handler.AbstractHandlerMapping [http-nio-8083-exec-3] Mapped to springfox.documentation.swagger.web.ApiResourceController#securityConfiguration()
2023-03-07 15:33:35,243 DEBUG org.springframework.web.servlet.mvc.method.annotation.AbstractMessageConverterMethodProcessor [http-nio-8083-exec-3] Using 'application/json', given [application/json] and supported [application/json]
2023-03-07 15:33:35,245 DEBUG org.springframework.core.log.LogFormatUtils [http-nio-8083-exec-3] Writing [springfox.documentation.swagger.web.SecurityConfiguration@abe38b0]
2023-03-07 15:33:35,247 DEBUG org.springframework.web.servlet.FrameworkServlet [http-nio-8083-exec-3] Completed 200 OK
2023-03-07 15:33:35,252 DEBUG org.springframework.core.log.LogFormatUtils [http-nio-8083-exec-2] GET "/api/swagger-resources", parameters={}
2023-03-07 15:33:35,253 DEBUG org.springframework.web.servlet.handler.AbstractHandlerMapping [http-nio-8083-exec-2] Mapped to springfox.documentation.swagger.web.ApiResourceController#swaggerResources()
2023-03-07 15:33:35,255 DEBUG org.springframework.web.servlet.mvc.method.annotation.AbstractMessageConverterMethodProcessor [http-nio-8083-exec-2] Using 'application/json', given [application/json] and supported [application/json]
2023-03-07 15:33:35,256 DEBUG org.springframework.core.log.LogFormatUtils [http-nio-8083-exec-2] Writing [[springfox.documentation.swagger.web.SwaggerResource@135d104b]]
2023-03-07 15:33:35,259 DEBUG org.springframework.web.servlet.FrameworkServlet [http-nio-8083-exec-2] Completed 200 OK
2023-03-07 15:33:35,286 DEBUG org.springframework.core.log.LogFormatUtils [http-nio-8083-exec-6] GET "/api/v2/api-docs", parameters={}
2023-03-07 15:33:35,288 DEBUG org.springframework.web.servlet.handler.AbstractHandlerMapping [http-nio-8083-exec-6] Mapped to springfox.documentation.swagger2.web.Swagger2ControllerWebMvc#getDocumentation(String, HttpServletRequest)
2023-03-07 15:33:35,481 DEBUG org.springframework.web.servlet.mvc.method.annotation.AbstractMessageConverterMethodProcessor [http-nio-8083-exec-6] Using 'application/json', given [application/json, */*] and supported [application/json, application/hal+json]
2023-03-07 15:33:35,484 DEBUG org.springframework.core.log.LogFormatUtils [http-nio-8083-exec-6] Writing [springfox.documentation.spring.web.json.Json@6dcafe27]
2023-03-07 15:33:35,487 DEBUG org.springframework.web.servlet.FrameworkServlet [http-nio-8083-exec-6] Completed 200 OK
2023-03-07 15:49:50,837 INFO org.springframework.orm.jpa.AbstractEntityManagerFactoryBean [SpringApplicationShutdownHook] Closing JPA EntityManagerFactory for persistence unit 'default'
2023-03-07 15:49:50,843 INFO com.zaxxer.hikari.HikariDataSource [SpringApplicationShutdownHook] HikariPool-1 - Shutdown initiated...
2023-03-07 15:49:50,849 INFO com.zaxxer.hikari.HikariDataSource [SpringApplicationShutdownHook] HikariPool-1 - Shutdown completed.
